1413,Virat Kohli,IN
8733,Lokesh Rahul,IN
370,AB de Villiers,FO
247,Chris Gayle,FO
7910,Yuzvendra Chahal,IN
8175,Harshal Patel,IN
6319,Mandeep Singh,IN
7625,Adam Milne,FO
9429,Sarfaraz Khan,IN
1850,Sreenath Aravind,IN
1851,Kedar Jadhav,IN
158,Shane Watson,FO
1530,Stuart Binny,IN
1609,Samuel Badree,FO
1830,Iqbal Abdulla,IN
8497,Travis Head,FO
8709,Sachin Baby,IN
9781,Avesh Khan,IN
10173,Tabraiz Shamsi,FO
8281,Pawan Negi,IN
7860,Tymal Mills,FO
10484,Praveen Dubey,IN
8190,Aniket Choudhary,IN
9572,Billy Stanlake,FO
71,Zaheer Khan,IN
1629,Angelo Mathews,FO
8982,Corey Anderson,FO
9585,Kagiso Rabada,FO
8095,Pat Cummins,FO
8617,Ankit Bawne,IN
6315,Aditya Tare,IN
8796,Murugan Ashwin,IN
9715,Navdeep Saini,IN
10919,Shashank Singh,IN
211,Jean Paul Duminy,FO
7909,Mohammed Shami,IN
8520,Quinton de Kock,FO
7906,Shahbaz Nadeem,IN
8182,Jayant Yadav,IN
1454,Amit Mishra,IN
9428,Shreyas Iyer,IN
7990,Sam Billings,FO
8271,Sanju Samson,IN
8333,Chris Morris,FO
8110,Carlos Brathwaite,FO
8257,Karun Nair,IN
10744,Rishabh Pant,IN
9281,Chama Milind,IN
10952,Khaleel Ahmed,IN
10354,Pratyush Singh,IN
576,Rohit Sharma,IN
657,Kieron Pollard,FO
111,Lasith Malinga,FO
75,Harbhajan Singh,IN
6311,Ambati Rayudu,IN
9311,Jasprit Bumrah,IN
9746,Shreyas Gopal,IN
599,Lendl Simmons,FO
1449,Vinay Kumar,IN
74,Parthiv Patel,IN
7624,Mitchell McClenaghan,FO
9204,Nitish Rana,IN
9218,Siddhesh Lad,IN
10357,Jagadeesha Suchith,IN
9647,Hardik Pandya,IN
2258,Jos Buttler,FO
1057,Tim Southee,FO
10214,Jitesh Sharma,IN
11311,Krunal Pandya,IN
10262,Deepak Punia,IN
1601,Saurabh Tiwary,IN
9406,Nicholas Pooran,FO
496,Mitchell Johnson,FO
1844,Karn Sharma,IN
10154,Asela Gunaratne,FO
8925,Krishnappa Gowtham,IN
12643,Kulwant Khejroliya,IN
308,Gautam Gambhir,IN
2276,Sunil Narine,FO
7736,Andre Russell,FO
8292,Kuldeep Yadav,IN
1836,Manish Pandey,IN
7915,Suryakumar Yadav,IN
466,Piyush Chawla,IN
527,Robin Uthappa,IN
544,Shakib Al Hasan,FO
7752,Chris Lynn,FO
1858,Umesh Yadav,IN
790,Yusuf Pathan,IN
8846,Sheldon Jackson,IN
8924,Ankit Rajpoot,IN
8117,Trent Boult,FO
7774,Nathan Coulter Nile,FO
1610,Darren Bravo,FO
8616,Rishi Dhawan,IN
6670,Chris Woakes,FO
11445,Rovman Powell,FO
1855,Ishank Jaggi,IN
10786,Sayan Ghosh,IN
12642,Ramsingh Sanjay Yadav,IN
6349,David Miller,FO
8358,Manan Vohra,IN
8808,Axar Patel,IN
7662,Glenn Maxwell,FO
8298,Gurkeerat Singh Mann,IN
1876,Anureet Singh,IN
8356,Sandeep Sharma,IN
563,Shaun Marsh,FO
1465,Wriddhiman Saha,IN
1597,Murali Vijay,IN
9295,Nikhil Naik,IN
8181,Mohit Sharma,IN
8989,Marcus Stoinis,FO
10353,KC Cariappa,IN
11004,Armaan Jaffer,IN
10358,Pardeep Sahu,IN
10238,Swapnil Singh,IN
314,Hashim Amla,FO
6293,Varun Aaron,IN
624,Eoin Morgan,FO
9067,Matt Henry,FO
9693, Rahul Tewatia,IN
1457,Martin Guptill,FO
253,Darren Sammy,FO
10896,Rinku Singh,IN
10225,T Natarajan,IN
1446,Shikhar Dhawan,IN
1726,Bhuvneshwar Kumar,IN
1739,David Warner,FO
1437,Moises Henriques,FO
1599,Naman Ojha,IN
9425,Ricky Bhui,IN
6326,Kane Williamson,FO
1828,Siddarth Kaul,IN
6296,Bipul Sharma,IN
269,Ashish Nehra,IN
69,Yuvraj Singh,IN
8118,Ben Cutting,FO
1849,Abhimanyu Mithun,IN
9863,Mustafizur Rahman,FO
9214,Barinder Sran,IN
9427,Deepak Hooda,IN
8204,Vijay Shankar,IN
6532,Chris Jordan,FO
3007,Mohammad Nabi,FO
7917,Eklavya Dwivedi,IN
10738,Rashid Khan,FO
9237,Pravin Tambe,IN
1842,Ben Laughlin,FO
10258,Tanmay Agarwal,IN
10808,Mohammed Siraj,IN
413,Suresh Raina,IN
587,Ravindra Jadeja,IN
7789,James Faulkner,FO
201,Brendon McCullum,FO
242,Dwayne Bravo,FO
1643,Aaron Finch,FO
255,Dwayne Smith,FO
145,Dinesh Karthik,IN
1451,Dhawal Kulkarni,IN
592,Praveen Kumar,IN
9617,Andrew Tye,FO
10276,Ishan Kishan,IN
1472,Pradeep Sangwan,IN
10529,Shivil Koushik,IN
1812,Shadab Bashir Jakati,IN
1466,Jaydev Shah,IN
1358,Manpreet Gony,IN
10647,Nathu Singh,IN
6534,Jason Roy,FO
522,Munaf Patel,IN
9829,Chirag Suri,FO
8351,Akshdeep Nath,IN
10267,Basil Thampi,IN
12322,Shubham Agarwal,IN
12639,Tejas Baroka,IN
12640,Pratham Singh,IN
12641,Shelley Sanjay Kumar Shaurya,IN
265,MS Dhoni,IN
1447,Ajinkya Rahane,IN
1593,Ravichandran Ashwin,IN
2250,Steven Smith,FO
7825,Faf du Plessis,FO
6250,Mitchell Marsh,FO
1467,Ashok Dinda,IN
9298,Ankush Bains,IN
1468,Rajat Bhatia,IN
7810,Ankit Sharma,IN
8665,Ishwar Pandey,IN
8642,Adam Zampa,FO
10866,Jaskaran Singh,IN
8198,Baba Aparajith,IN
7836,Deepak Chahar,IN
6635,Usman Khawaja,FO
2195,Mayank Agarwal,IN
6557,Ben Stokes,FO
694,Manoj Tiwary,IN
6327,Jaydev Unadkat,IN
12087,Rahul Chahar,IN
6283,Daniel Christian,FO
10692,Lockie Ferguson,FO
10260,Saurabh Kumar,IN
11314,Milind Tandon,IN
9012,Rahul Tripathi,IN
8683,Shardul Thakur,IN